<?xml version="1.0" encoding="UTF-8"?>
<testng-results ignored="0" total="1" passed="1" failed="0" skipped="0">
  <reporter-output>
  </reporter-output>
  <suite started-at="2026-01-12T22:51:25 IST" name="Default suite" finished-at="2026-01-12T22:52:03 IST" duration-ms="37911">
    <groups>
    </groups>
    <test started-at="2026-01-12T22:51:25 IST" name="Default test" finished-at="2026-01-12T22:52:03 IST" duration-ms="37911">
      <class name="testCase.MakeMyTripHomeTest1">
        <test-method is-config="true" signature="setup()[pri:0, instance:testCase.MakeMyTripHomeTest1@4c12331b]" started-at="2026-01-12T22:51:26 IST" name="setup" finished-at="2026-01-12T22:51:30 IST" duration-ms="4783" status="PASS">
          <reporter-output>
          </reporter-output>
        </test-method> <!-- setup -->
        <test-method signature="completeRoundTripSearch()[pri:0, instance:testCase.MakeMyTripHomeTest1@4c12331b]" started-at="2026-01-12T22:51:30 IST" name="completeRoundTripSearch" finished-at="2026-01-12T22:52:03 IST" duration-ms="32591" status="PASS">
          <reporter-output>
          </reporter-output>
        </test-method> <!-- completeRoundTripSearch -->
        <test-method is-config="true" signature="tearDown()[pri:0, instance:testCase.MakeMyTripHomeTest1@4c12331b]" started-at="2026-01-12T22:52:03 IST" name="tearDown" finished-at="2026-01-12T22:52:03 IST" duration-ms="468" status="PASS">
          <reporter-output>
          </reporter-output>
        </test-method> <!-- tearDown -->
      </class> <!-- testCase.MakeMyTripHomeTest1 -->
    </test> <!-- Default test -->
  </suite> <!-- Default suite -->
</testng-results>
